<?xml version="1.0" encoding="UTF-8"?>
<!-- Generated by org.testng.reporters.JUnitReportReporter -->
<testsuite hostname="DESKTOP-38M9TK5" failures="0" tests="1" name="homeTest.ToVerifyHomePageTitleUsingTestNgTest" time="8.093" errors="0" timestamp="2023-08-24T17:02:33 IST" skipped="0">
  <testcase classname="homeTest.ToVerifyHomePageTitleUsingTestNgTest" name="toVerifyHomePageTitleUsingTestNgTest" time="8.093"/>
</testsuite> <!-- homeTest.ToVerifyHomePageTitleUsingTestNgTest -->
