<?xml version="1.0" encoding="UTF-8"?>
<!-- Generated by org.testng.reporters.JUnitReportReporter -->
<testsuite hostname="DESKTOP-38M9TK5" failures="0" tests="1" name="homeTest.ToVerifyHomePageTitleUsingTestNg" time="8.326" errors="0" timestamp="2023-08-23T20:37:43 IST" skipped="0">
  <testcase classname="homeTest.ToVerifyHomePageTitleUsingTestNg" name="toVerifyHomePageTitleUsingTestNg" time="8.326"/>
</testsuite> <!-- homeTest.ToVerifyHomePageTitleUsingTestNg -->
